<?xml version="1.0" encoding="utf-8"?><testsuites name="pytest tests"><testsuite name="pytest" errors="0" failures="0" skipped="0" tests="12" time="3.651" timestamp="2026-04-10T04:09:53.467134+00:00" hostname="agent-env-1b355686-4a57-4a8b-83bf-ccea003d7a9f"><testcase classname="backend.tests.test_iteration29_features.TestHealthAndBasics" name="test_health_check" time="0.193" /><testcase classname="backend.tests.test_iteration29_features.TestHealthAndBasics" name="test_registry_endpoint" time="0.112" /><testcase classname="backend.tests.test_iteration29_features.TestAuthRegisterFlow" name="test_register_valid_username" time="0.340" /><testcase classname="backend.tests.test_iteration29_features.TestAuthRegisterFlow" name="test_register_invalid_username_too_short" time="0.113" /><testcase classname="backend.tests.test_iteration29_features.TestAuthRegisterFlow" name="test_register_invalid_username_special_chars" time="0.111" /><testcase classname="backend.tests.test_iteration29_features.TestAuthRegisterFlow" name="test_login_after_register" time="0.659" /><testcase classname="backend.tests.test_iteration29_features.TestChatTokenFields" name="test_chat_prompts_list" time="0.110" /><testcase classname="backend.tests.test_iteration29_features.TestChatTokenFields" name="test_instances_list" time="0.107" /><testcase classname="backend.tests.test_iteration29_features.TestChatTokenFields" name="test_create_instance_and_send_chat" time="1.479" /><testcase classname="backend.tests.test_iteration29_features.TestSynthesisAndRuns" name="test_syntheses_list" time="0.115" /><testcase classname="backend.tests.test_iteration29_features.TestSynthesisAndRuns" name="test_runs_list" time="0.123" /><testcase classname="backend.tests.test_iteration29_features.TestSynthesisAndRuns" name="test_payments_summary_free_tier" time="0.121" /></testsuite></testsuites>