<?xml version="1.0" encoding="utf-8"?><testsuites name="pytest tests"><testsuite name="pytest" errors="0" failures="17" skipped="0" tests="21" time="1.685" timestamp="2026-02-28T05:17:48.815209+00:00" hostname="agent-env-2de10d6d-9818-4082-90ad-cc946e10b3d7"><testcase classname="tests.test_iteration7_features.TestHealthAndAuth" name="test_api_root" time="0.271" /><testcase classname="tests.test_iteration7_features.TestHealthAndAuth" name="test_auth_me_with_token" time="0.060"><failure message="AssertionError: auth/me failed: {&quot;detail&quot;:&quot;Invalid token&quot;}&#10;assert 401 == 200&#10; +  where 401 = &lt;Response [401]&gt;.status_code">tests/test_iteration7_features.py:54: in test_auth_me_with_token
    assert response.status_code == 200, f"auth/me failed: {response.text}"
E   AssertionError: auth/me failed: {"detail":"Invalid token"}
E   assert 401 == 200
E    +  where 401 = &lt;Response [401]&gt;.status_code</failure></testcase><testcase classname="tests.test_iteration7_features.TestConsolePreferences" name="test_get_preferences_default" time="0.070"><failure message="AssertionError: Get preferences failed: {&quot;detail&quot;:&quot;Invalid token&quot;}&#10;assert 401 == 200&#10; +  where 401 = &lt;Response [401]&gt;.status_code">tests/test_iteration7_features.py:65: in test_get_preferences_default
    assert response.status_code == 200, f"Get preferences failed: {response.text}"
E   AssertionError: Get preferences failed: {"detail":"Invalid token"}
E   assert 401 == 200
E    +  where 401 = &lt;Response [401]&gt;.status_code</failure></testcase><testcase classname="tests.test_iteration7_features.TestConsolePreferences" name="test_update_preferences" time="0.064"><failure message="AssertionError: Update preferences failed: {&quot;detail&quot;:&quot;Invalid token&quot;}&#10;assert 401 == 200&#10; +  where 401 = &lt;Response [401]&gt;.status_code">tests/test_iteration7_features.py:89: in test_update_preferences
    assert response.status_code == 200, f"Update preferences failed: {response.text}"
E   AssertionError: Update preferences failed: {"detail":"Invalid token"}
E   assert 401 == 200
E    +  where 401 = &lt;Response [401]&gt;.status_code</failure></testcase><testcase classname="tests.test_iteration7_features.TestConsolePreferences" name="test_preferences_persist" time="0.062"><failure message="assert 401 == 200&#10; +  where 401 = &lt;Response [401]&gt;.status_code">tests/test_iteration7_features.py:102: in test_preferences_persist
    assert response.status_code == 200
E   assert 401 == 200
E    +  where 401 = &lt;Response [401]&gt;.status_code</failure></testcase><testcase classname="tests.test_iteration7_features.TestContextLogs" name="test_get_context_logs_empty_or_list" time="0.058"><failure message="AssertionError: Get context logs failed: {&quot;detail&quot;:&quot;Invalid token&quot;}&#10;assert 401 == 200&#10; +  where 401 = &lt;Response [401]&gt;.status_code">tests/test_iteration7_features.py:120: in test_get_context_logs_empty_or_list
    assert response.status_code == 200, f"Get context logs failed: {response.text}"
E   AssertionError: Get context logs failed: {"detail":"Invalid token"}
E   assert 401 == 200
E    +  where 401 = &lt;Response [401]&gt;.status_code</failure></testcase><testcase classname="tests.test_iteration7_features.TestPaymentsCatalog" name="test_get_catalog" time="0.057"><failure message="AssertionError: Get catalog failed: {&quot;detail&quot;:&quot;Invalid token&quot;}&#10;assert 401 == 200&#10; +  where 401 = &lt;Response [401]&gt;.status_code">tests/test_iteration7_features.py:135: in test_get_catalog
    assert response.status_code == 200, f"Get catalog failed: {response.text}"
E   AssertionError: Get catalog failed: {"detail":"Invalid token"}
E   assert 401 == 200
E    +  where 401 = &lt;Response [401]&gt;.status_code</failure></testcase><testcase classname="tests.test_iteration7_features.TestPaymentsCatalog" name="test_catalog_has_core_monthly" time="0.057"><failure message="assert 401 == 200&#10; +  where 401 = &lt;Response [401]&gt;.status_code">tests/test_iteration7_features.py:175: in test_catalog_has_core_monthly
    assert response.status_code == 200
E   assert 401 == 200
E    +  where 401 = &lt;Response [401]&gt;.status_code</failure></testcase><testcase classname="tests.test_iteration7_features.TestPaymentsCatalog" name="test_catalog_has_support_one_time_and_recurring" time="0.059"><failure message="assert 401 == 200&#10; +  where 401 = &lt;Response [401]&gt;.status_code">tests/test_iteration7_features.py:191: in test_catalog_has_support_one_time_and_recurring
    assert response.status_code == 200
E   assert 401 == 200
E    +  where 401 = &lt;Response [401]&gt;.status_code</failure></testcase><testcase classname="tests.test_iteration7_features.TestPaymentsCatalog" name="test_catalog_founder_package" time="0.061"><failure message="assert 401 == 200&#10; +  where 401 = &lt;Response [401]&gt;.status_code">tests/test_iteration7_features.py:206: in test_catalog_founder_package
    assert response.status_code == 200
E   assert 401 == 200
E    +  where 401 = &lt;Response [401]&gt;.status_code</failure></testcase><testcase classname="tests.test_iteration7_features.TestCheckoutSession" name="test_create_checkout_session_core" time="0.061"><failure message="AssertionError: Create checkout failed: {&quot;detail&quot;:&quot;Invalid token&quot;}&#10;assert 401 == 200&#10; +  where 401 = &lt;Response [401]&gt;.status_code">tests/test_iteration7_features.py:232: in test_create_checkout_session_core
    assert response.status_code == 200, f"Create checkout failed: {response.text}"
E   AssertionError: Create checkout failed: {"detail":"Invalid token"}
E   assert 401 == 200
E    +  where 401 = &lt;Response [401]&gt;.status_code</failure></testcase><testcase classname="tests.test_iteration7_features.TestCheckoutSession" name="test_create_checkout_invalid_package" time="0.056"><failure message="AssertionError: Expected 400 for invalid package: 401&#10;assert 401 == 400&#10; +  where 401 = &lt;Response [401]&gt;.status_code">tests/test_iteration7_features.py:259: in test_create_checkout_invalid_package
    assert response.status_code == 400, f"Expected 400 for invalid package: {response.status_code}"
E   AssertionError: Expected 400 for invalid package: 401
E   assert 401 == 400
E    +  where 401 = &lt;Response [401]&gt;.status_code</failure></testcase><testcase classname="tests.test_iteration7_features.TestCheckoutSession" name="test_create_checkout_invalid_origin" time="0.056"><failure message="AssertionError: Expected 400 for invalid origin: 401&#10;assert 401 == 400&#10; +  where 401 = &lt;Response [401]&gt;.status_code">tests/test_iteration7_features.py:273: in test_create_checkout_invalid_origin
    assert response.status_code == 400, f"Expected 400 for invalid origin: {response.status_code}"
E   AssertionError: Expected 400 for invalid origin: 401
E   assert 401 == 400
E    +  where 401 = &lt;Response [401]&gt;.status_code</failure></testcase><testcase classname="tests.test_iteration7_features.TestCheckoutStatus" name="test_checkout_status_for_new_session" time="0.053"><failure message="assert 401 == 200&#10; +  where 401 = &lt;Response [401]&gt;.status_code">tests/test_iteration7_features.py:292: in test_checkout_status_for_new_session
    assert create_response.status_code == 200
E   assert 401 == 200
E    +  where 401 = &lt;Response [401]&gt;.status_code</failure></testcase><testcase classname="tests.test_iteration7_features.TestPaymentsSummary" name="test_get_summary" time="0.059"><failure message="AssertionError: Get summary failed: {&quot;detail&quot;:&quot;Invalid token&quot;}&#10;assert 401 == 200&#10; +  where 401 = &lt;Response [401]&gt;.status_code">tests/test_iteration7_features.py:319: in test_get_summary
    assert response.status_code == 200, f"Get summary failed: {response.text}"
E   AssertionError: Get summary failed: {"detail":"Invalid token"}
E   assert 401 == 200
E    +  where 401 = &lt;Response [401]&gt;.status_code</failure></testcase><testcase classname="tests.test_iteration7_features.TestChatStreamWritesContextAndTelemetry" name="test_chat_stream_creates_context_log" time="0.055"><failure message="AssertionError: Chat stream failed: {&quot;detail&quot;:&quot;Invalid token&quot;}&#10;assert 401 == 200&#10; +  where 401 = &lt;Response [401]&gt;.status_code">tests/test_iteration7_features.py:358: in test_chat_stream_creates_context_log
    assert response.status_code == 200, f"Chat stream failed: {response.text}"
E   AssertionError: Chat stream failed: {"detail":"Invalid token"}
E   assert 401 == 200
E    +  where 401 = &lt;Response [401]&gt;.status_code</failure></testcase><testcase classname="tests.test_iteration7_features.TestChatStreamWritesContextAndTelemetry" name="test_chat_stream_records_token_telemetry" time="0.057"><failure message="assert 401 == 200&#10; +  where 401 = &lt;Response [401]&gt;.status_code">tests/test_iteration7_features.py:401: in test_chat_stream_records_token_telemetry
    assert response.status_code == 200
E   assert 401 == 200
E    +  where 401 = &lt;Response [401]&gt;.status_code</failure></testcase><testcase classname="tests.test_iteration7_features.TestEDCMDashboard" name="test_get_edcm_dashboard" time="0.108"><failure message="AssertionError: EDCM dashboard failed: {&quot;detail&quot;:&quot;Invalid token&quot;}&#10;assert 401 == 200&#10; +  where 401 = &lt;Response [401]&gt;.status_code">tests/test_iteration7_features.py:428: in test_get_edcm_dashboard
    assert response.status_code == 200, f"EDCM dashboard failed: {response.text}"
E   AssertionError: EDCM dashboard failed: {"detail":"Invalid token"}
E   assert 401 == 200
E    +  where 401 = &lt;Response [401]&gt;.status_code</failure></testcase><testcase classname="tests.test_iteration7_features.TestProtectedRoutesRequireAuth" name="test_console_preferences_requires_auth" time="0.056" /><testcase classname="tests.test_iteration7_features.TestProtectedRoutesRequireAuth" name="test_payments_catalog_requires_auth" time="0.060" /><testcase classname="tests.test_iteration7_features.TestProtectedRoutesRequireAuth" name="test_checkout_session_requires_auth" time="0.054" /></testsuite></testsuites>