<?xml version="1.0" encoding="utf-8"?><testsuites name="pytest tests"><testsuite name="pytest" errors="0" failures="0" skipped="0" tests="24" time="7.461" timestamp="2026-04-16T00:22:58.799522+00:00" hostname="agent-env-1b355686-4a57-4a8b-83bf-ccea003d7a9f"><testcase classname="backend.tests.test_iteration31_ws_tier.TestHealthCheck" name="test_health_check" time="0.224" /><testcase classname="backend.tests.test_iteration31_ws_tier.TestWsTierRegistration" name="test_register_wayseer_email_gets_ws_tier" time="0.280" /><testcase classname="backend.tests.test_iteration31_ws_tier.TestWsTierRegistration" name="test_register_regular_email_gets_free_tier" time="0.280" /><testcase classname="backend.tests.test_iteration31_ws_tier.TestWsTierRegistration" name="test_login_wayseer_email_gets_ws_tier" time="0.283" /><testcase classname="backend.tests.test_iteration31_ws_tier.TestWsAdminAccessControl" name="test_ws_admin_billing_tiers_requires_ws_tier" time="0.057" /><testcase classname="backend.tests.test_iteration31_ws_tier.TestWsAdminAccessControl" name="test_ws_admin_endpoints_requires_ws_tier" time="0.052" /><testcase classname="backend.tests.test_iteration31_ws_tier.TestWsAdminAccessControl" name="test_ws_admin_analytics_requires_ws_tier" time="0.049" /><testcase classname="backend.tests.test_iteration31_ws_tier.TestWsAdminAccessControl" name="test_ws_admin_cli_requires_ws_tier" time="0.053" /><testcase classname="backend.tests.test_iteration31_ws_tier.TestWsAdminApis" name="test_ws_admin_get_billing_tiers" time="0.054" /><testcase classname="backend.tests.test_iteration31_ws_tier.TestWsAdminApis" name="test_ws_admin_update_billing_tier" time="0.053" /><testcase classname="backend.tests.test_iteration31_ws_tier.TestWsAdminApis" name="test_ws_admin_get_pricing_packages" time="0.058" /><testcase classname="backend.tests.test_iteration31_ws_tier.TestWsAdminApis" name="test_ws_admin_get_endpoints" time="0.054" /><testcase classname="backend.tests.test_iteration31_ws_tier.TestWsAdminApis" name="test_ws_admin_get_analytics" time="0.058" /><testcase classname="backend.tests.test_iteration31_ws_tier.TestWsAdminApis" name="test_ws_admin_cli_health_check" time="0.065" /><testcase classname="backend.tests.test_iteration31_ws_tier.TestWsAdminApis" name="test_ws_admin_cli_line_rules" time="0.099" /><testcase classname="backend.tests.test_iteration31_ws_tier.TestWsAdminApis" name="test_ws_admin_cli_sync_readme_registry" time="0.179" /><testcase classname="backend.tests.test_iteration31_ws_tier.TestWsAdminApis" name="test_ws_admin_cli_unsupported_command" time="0.054" /><testcase classname="backend.tests.test_iteration31_ws_tier.TestDynamicReadmeRegistry" name="test_readme_registry_endpoint" time="4.829" /><testcase classname="backend.tests.test_iteration31_ws_tier.TestDynamicReadmeRegistry" name="test_readme_registry_module_structure" time="0.113" /><testcase classname="backend.tests.test_iteration31_ws_tier.TestDynamicReadmeRegistry" name="test_readme_registry_sync_endpoint" time="0.122" /><testcase classname="backend.tests.test_iteration31_ws_tier.TestDynamicReadmeRegistry" name="test_readme_registry_max_code_rule" time="0.118" /><testcase classname="backend.tests.test_iteration31_ws_tier.TestDynamicReadmeRegistry" name="test_readme_registry_violations_coherent" time="0.108" /><testcase classname="backend.tests.test_iteration31_ws_tier.TestDynamicReadmeRegistry" name="test_readme_registry_contains_key_files" time="0.111" /><testcase classname="backend.tests.test_iteration31_ws_tier.TestCleanup" name="test_cleanup_test_users" time="0.000" /></testsuite></testsuites>