<?xml version="1.0" encoding="utf-8"?><testsuites name="pytest tests"><testsuite name="pytest" errors="0" failures="0" skipped="0" tests="10" time="2.245" timestamp="2026-04-13T06:09:52.166115+00:00" hostname="agent-env-1b355686-4a57-4a8b-83bf-ccea003d7a9f"><testcase classname="backend.tests.test_iteration30_readme_registry.TestReadmeRegistry" name="test_health_check" time="0.222" /><testcase classname="backend.tests.test_iteration30_readme_registry.TestReadmeRegistry" name="test_readme_registry_endpoint" time="0.237" /><testcase classname="backend.tests.test_iteration30_readme_registry.TestReadmeRegistry" name="test_readme_registry_module_structure" time="0.164" /><testcase classname="backend.tests.test_iteration30_readme_registry.TestReadmeRegistry" name="test_readme_registry_max_code_rule" time="0.162" /><testcase classname="backend.tests.test_iteration30_readme_registry.TestReadmeRegistry" name="test_readme_registry_violations_coherent" time="0.166" /><testcase classname="backend.tests.test_iteration30_readme_registry.TestReadmeRegistry" name="test_readme_registry_sync_endpoint" time="0.173" /><testcase classname="backend.tests.test_iteration30_readme_registry.TestReadmeRegistry" name="test_readme_registry_contains_key_files" time="0.241" /><testcase classname="backend.tests.test_iteration30_readme_registry.TestReadmeRegistry" name="test_readme_registry_function_docs" time="0.170" /><testcase classname="backend.tests.test_iteration30_readme_registry.TestReadmeRegistryMarkers" name="test_marker_format_in_modules" time="0.166" /><testcase classname="backend.tests.test_iteration30_readme_registry.TestReadmeRegistryMarkers" name="test_key_files_have_markers" time="0.158" /></testsuite></testsuites>