<?xml version="1.0" encoding="utf-8"?><testsuites name="pytest tests"><testsuite name="pytest" errors="0" failures="0" skipped="0" tests="20" time="11.078" timestamp="2026-04-18T10:16:39.310268+00:00" hostname="agent-env-1b355686-4a57-4a8b-83bf-ccea003d7a9f"><testcase classname="backend.tests.test_iteration33_hub_caching.TestHealthAndReady" name="test_health_endpoint" time="0.246" /><testcase classname="backend.tests.test_iteration33_hub_caching.TestHealthAndReady" name="test_ready_endpoint" time="0.053" /><testcase classname="backend.tests.test_iteration33_hub_caching.TestHubInstancesCRUD" name="test_list_instances_empty_or_existing" time="0.129" /><testcase classname="backend.tests.test_iteration33_hub_caching.TestHubInstancesCRUD" name="test_create_instance" time="0.111" /><testcase classname="backend.tests.test_iteration33_hub_caching.TestHubInstancesCRUD" name="test_get_instance_detail" time="0.157" /><testcase classname="backend.tests.test_iteration33_hub_caching.TestHubInstancesCRUD" name="test_update_instance_triggers_cache_purge" time="0.163" /><testcase classname="backend.tests.test_iteration33_hub_caching.TestHubInstancesCRUD" name="test_archive_and_delete_instance_triggers_cache_purge" time="0.279" /><testcase classname="backend.tests.test_iteration33_hub_caching.TestHubRunsNoRegression" name="test_list_runs" time="0.056" /><testcase classname="backend.tests.test_iteration33_hub_caching.TestHubRunsNoRegression" name="test_hub_options_endpoint" time="0.052" /><testcase classname="backend.tests.test_iteration33_hub_caching.TestHubChatPromptsNoRegression" name="test_list_chat_prompts" time="0.051" /><testcase classname="backend.tests.test_iteration33_hub_caching.TestHubSynthesisNoRegression" name="test_list_syntheses" time="0.052" /><testcase classname="backend.tests.test_iteration33_hub_caching.TestHubGroupsNoRegression" name="test_list_groups" time="0.052" /><testcase classname="backend.tests.test_iteration33_hub_caching.TestHubGroupsNoRegression" name="test_create_group" time="0.102" /><testcase classname="backend.tests.test_iteration33_hub_caching.TestContextCacheIntegration" name="test_create_instance_with_full_context_for_caching" time="0.108" /><testcase classname="backend.tests.test_iteration33_hub_caching.TestContextCacheIntegration" name="test_instance_history_endpoint" time="0.154" /><testcase classname="backend.tests.test_iteration33_hub_caching.TestBatchRunWithCaching" name="test_batch_run_fan_out_with_caching" time="1.429" /><testcase classname="backend.tests.test_iteration33_hub_caching.TestRoleplayRunWithCaching" name="test_roleplay_run_with_caching" time="6.931" /><testcase classname="backend.tests.test_iteration33_hub_caching.TestChatPromptWithCaching" name="test_chat_prompt_with_caching" time="0.647" /><testcase classname="backend.tests.test_iteration33_hub_caching.TestCleanup" name="test_cleanup_test_instances" time="0.109" /><testcase classname="backend.tests.test_iteration33_hub_caching.TestCleanup" name="test_cleanup_test_groups" time="0.101" /></testsuite></testsuites>