<?xml version="1.0" encoding="utf-8"?><testsuites name="pytest tests"><testsuite name="pytest" errors="0" failures="0" skipped="0" tests="10" time="33.939" timestamp="2026-04-05T20:44:52.674345+00:00" hostname="agent-env-1b355686-4a57-4a8b-83bf-ccea003d7a9f"><testcase classname="backend.tests.test_iteration25_free_pro_limits.TestFreeTierLimits" name="test_payments_summary_returns_free_tier_limits" time="0.540" /><testcase classname="backend.tests.test_iteration25_free_pro_limits.TestFreeTierLimits" name="test_create_instances_up_to_free_limit" time="0.887" /><testcase classname="backend.tests.test_iteration25_free_pro_limits.TestFreeTierLimits" name="test_instance_limit_enforced_with_403" time="0.925" /><testcase classname="backend.tests.test_iteration25_free_pro_limits.TestFreeTierLimits" name="test_persona_limit_enforced_with_403" time="0.933" /><testcase classname="backend.tests.test_iteration25_free_pro_limits.TestFreeTierLimits" name="test_run_with_more_than_3_stages_returns_403" time="0.673" /><testcase classname="backend.tests.test_iteration25_free_pro_limits.TestFreeTierLimits" name="test_run_with_3_stages_allowed" time="27.985" /><testcase classname="backend.tests.test_iteration25_free_pro_limits.TestFreeTierLimits" name="test_keys_list_returns_status" time="0.517" /><testcase classname="backend.tests.test_iteration25_free_pro_limits.TestFreeTierLimits" name="test_second_key_blocked_with_403" time="0.647" /><testcase classname="backend.tests.test_iteration25_free_pro_limits.TestBillingTiersConfig" name="test_free_tier_has_correct_limits" time="0.379" /><testcase classname="backend.tests.test_iteration25_free_pro_limits.TestBillingTiersConfig" name="test_catalog_shows_pro_unlimited_messaging" time="0.386" /></testsuite></testsuites>