<?xml version="1.0" encoding="utf-8"?><testsuites name="pytest tests"><testsuite name="pytest" errors="0" failures="0" skipped="0" tests="13" time="5.126" timestamp="2026-04-07T00:48:55.556030+00:00" hostname="agent-env-1b355686-4a57-4a8b-83bf-ccea003d7a9f"><testcase classname="backend.tests.test_iteration27_ux_quotas.TestPaymentsSummary" name="test_health_check" time="0.181" /><testcase classname="backend.tests.test_iteration27_ux_quotas.TestPaymentsSummary" name="test_payments_summary_requires_auth" time="0.152" /><testcase classname="backend.tests.test_iteration27_ux_quotas.TestPaymentsSummary" name="test_payments_summary_free_tier_limits" time="0.445" /><testcase classname="backend.tests.test_iteration27_ux_quotas.TestGuestQuotaByIP" name="test_guest_access_with_x_guest_id" time="0.126" /><testcase classname="backend.tests.test_iteration27_ux_quotas.TestGuestQuotaByIP" name="test_hub_instances_list_guest" time="0.115" /><testcase classname="backend.tests.test_iteration27_ux_quotas.TestRunModeValidation" name="test_batch_run_disallows_roleplay_stage" time="0.484" /><testcase classname="backend.tests.test_iteration27_ux_quotas.TestRunModeValidation" name="test_roleplay_run_requires_roleplay_stage" time="0.444" /><testcase classname="backend.tests.test_iteration27_ux_quotas.TestWelcomeModelQuotaExclusion" name="test_welcome_model_metadata_flag" time="0.558" /><testcase classname="backend.tests.test_iteration27_ux_quotas.TestHubTabsEndpoints" name="test_runs_list_endpoint" time="0.447" /><testcase classname="backend.tests.test_iteration27_ux_quotas.TestHubTabsEndpoints" name="test_chat_prompts_list_endpoint" time="0.475" /><testcase classname="backend.tests.test_iteration27_ux_quotas.TestHubTabsEndpoints" name="test_syntheses_list_endpoint" time="0.463" /><testcase classname="backend.tests.test_iteration27_ux_quotas.TestInstancesEndpoints" name="test_instances_list" time="0.434" /><testcase classname="backend.tests.test_iteration27_ux_quotas.TestInstancesEndpoints" name="test_instances_include_archived_param" time="0.724" /></testsuite></testsuites>