<?xml version="1.0" encoding="utf-8"?><testsuites name="pytest tests"><testsuite name="pytest" errors="0" failures="0" skipped="0" tests="8" time="2.485" timestamp="2026-04-08T21:39:10.794894+00:00" hostname="agent-env-1b355686-4a57-4a8b-83bf-ccea003d7a9f"><testcase classname="backend.tests.test_iteration28_ui_features.TestHealthAndBasicEndpoints" name="test_health_check" time="0.160" /><testcase classname="backend.tests.test_iteration28_ui_features.TestHealthAndBasicEndpoints" name="test_registry_endpoint" time="0.128" /><testcase classname="backend.tests.test_iteration28_ui_features.TestHubInstancesAndRuns" name="test_instances_list" time="0.123" /><testcase classname="backend.tests.test_iteration28_ui_features.TestHubInstancesAndRuns" name="test_runs_list" time="0.128" /><testcase classname="backend.tests.test_iteration28_ui_features.TestHubInstancesAndRuns" name="test_create_instance_and_run" time="0.228" /><testcase classname="backend.tests.test_iteration28_ui_features.TestChatPrompts" name="test_chat_prompts_list" time="0.126" /><testcase classname="backend.tests.test_iteration28_ui_features.TestChatPrompts" name="test_send_chat_prompt" time="1.396" /><testcase classname="backend.tests.test_iteration28_ui_features.TestSynthesis" name="test_syntheses_list" time="0.127" /></testsuite></testsuites>