<?xml version="1.0" encoding="utf-8"?><testsuites name="pytest tests"><testsuite name="pytest" errors="0" failures="0" skipped="0" tests="6" time="1.191" timestamp="2026-04-06T15:59:28.327321+00:00" hostname="agent-env-1b355686-4a57-4a8b-83bf-ccea003d7a9f"><testcase classname="backend.tests.test_iteration26_smoke.TestHealthEndpoints" name="test_api_health_returns_200" time="0.173" /><testcase classname="backend.tests.test_iteration26_smoke.TestHealthEndpoints" name="test_api_ready_returns_200" time="0.152" /><testcase classname="backend.tests.test_iteration26_smoke.TestHubEndpointsAuth" name="test_hub_options_requires_auth" time="0.121" /><testcase classname="backend.tests.test_iteration26_smoke.TestHubEndpointsAuth" name="test_hub_instances_requires_auth" time="0.204" /><testcase classname="backend.tests.test_iteration26_smoke.TestHubEndpointsWithAuth" name="test_hub_options_with_auth" time="0.431" /><testcase classname="backend.tests.test_iteration26_smoke.TestHubEndpointsWithAuth" name="test_hub_instances_with_auth" time="0.049" /></testsuite></testsuites>